TN:verilator_coverage
SF:/home/yzcc/XS-MLVP/Nutshell-cache/build/picker_out_Cache/Cache.v
DA:2,1351
DA:3,2982
DA:4,15427
DA:5,5
DA:6,987
DA:7,1941
DA:8,11786
DA:9,23
DA:10,1
DA:11,2983
DA:12,15427
DA:13,5
DA:14,987
DA:15,1941
DA:16,11786
DA:17,23
DA:18,1352
DA:19,2982
DA:20,3438
DA:21,5386
DA:22,382
DA:23,324
DA:24,6529
DA:25,367
DA:26,389
DA:27,8130
DA:28,330
DA:29,500
DA:30,9298
DA:31,227
DA:32,560
DA:33,1351
DA:34,2983
DA:35,4824
DA:36,29744
DA:37,24664
DA:38,19329
DA:39,12029
DA:56,31488
DA:57,3
DA:58,1
DA:59,2982
DA:60,15406
DA:61,4
DA:62,986
DA:63,1936
DA:64,11777
DA:65,13
DA:66,2329
DA:67,2982
DA:68,15406
DA:69,4
DA:70,986
DA:71,1936
DA:72,11777
DA:73,13
DA:74,5389
DA:75,325
DA:76,6527
DA:77,388
DA:78,8133
DA:79,499
DA:80,9301
DA:81,560
DA:82,29744
DA:83,24664
DA:84,19329
DA:85,12029
DA:86,655
DA:87,11598
DA:88,440
DA:89,1
DA:90,31
DA:91,2
DA:92,23426
DA:93,5386
DA:94,382
DA:95,324
DA:96,6529
DA:97,367
DA:98,389
DA:99,8130
DA:100,330
DA:101,500
DA:102,9298
DA:103,227
DA:104,560
DA:105,29744
DA:106,24664
DA:107,19329
DA:108,12029
DA:109,1350
DA:110,3434
DA:111,9448
DA:112,983
DA:113,1436
DA:114,1350
DA:115,13812
DA:116,9185
DA:117,1436
DA:129,1385
DA:130,3429
DA:131,9447
DA:132,0
DA:133,0
DA:138,10
DA:139,1
DA:140,2
DA:144,1
DA:145,0
DA:146,0
DA:147,0
DA:148,0
DA:149,5392
DA:150,382
DA:151,6529
DA:152,367
DA:153,8134
DA:154,330
DA:155,9298
DA:156,228
DA:161,657
DA:162,498515
DA:163,7792
DA:166,23426
DA:172,1305
DA:173,382
DA:176,1413
DA:178,11600
DA:190,0
DA:191,2
DA:193,33
DA:194,2
DA:223,31488
DA:224,200
DA:225,100
DA:226,0
DA:227,15644
DA:228,0
DA:229,0
DA:231,0
DA:232,0
DA:234,0
DA:235,0
DA:237,0
DA:238,0
DA:240,200
DA:241,100
DA:242,0
DA:243,0
DA:244,15644
DA:245,15644
DA:247,200
DA:248,100
DA:249,0
DA:250,15644
DA:251,0
DA:252,0
DA:254,0
DA:255,0
DA:257,0
DA:258,0
DA:264,0
DA:265,0
DA:276,15744
DA:307,2
DA:345,1
DA:346,3432
DA:347,9358
DA:348,1436
DA:349,1350
DA:350,3432
DA:351,9448
DA:352,983
DA:353,1436
DA:354,1350
DA:355,3434
DA:356,9448
DA:357,983
DA:358,1436
DA:360,0
DA:368,0
DA:369,4818
DA:370,33449
DA:371,1436
DA:372,1350
DA:373,13813
DA:374,9187
DA:375,1436
DA:376,1350
DA:377,13812
DA:378,9185
DA:379,1436
DA:381,1
DA:388,31488
DA:389,3
DA:390,2329
DA:391,2983
DA:392,15414
DA:393,2
DA:394,986
DA:395,1943
DA:396,11780
DA:397,15
DA:398,5387
DA:399,325
DA:400,6527
DA:401,390
DA:402,8125
DA:403,501
DA:404,9301
DA:405,559
DA:406,29710
DA:407,24630
DA:408,19288
DA:409,11992
DA:410,653
DA:411,1436
DA:412,440
DA:413,1
DA:414,60
DA:415,5
DA:416,2
DA:417,2981
DA:418,1967
DA:419,13299
DA:420,15
DA:421,2981
DA:422,1
DA:423,4333
DA:424,1808
DA:425,5017
DA:426,1894
DA:427,1553
DA:428,1990
DA:429,1630
DA:430,1350
DA:431,13812
DA:432,9185
DA:433,1436
DA:434,1350
DA:435,3434
DA:436,9448
DA:437,983
DA:438,1436
DA:439,2
DA:440,3158
DA:441,27146
DA:442,1578
DA:443,5834
DA:444,1
DA:445,3159
DA:446,2929
DA:447,1642
DA:448,0
DA:449,979
DA:450,15414
DA:451,2
DA:452,986
DA:453,1943
DA:454,11780
DA:455,1
DA:456,980
DA:457,5375
DA:458,0
DA:459,1
DA:460,654
DA:461,5831
DA:462,1
DA:481,1
DA:482,3432
DA:483,9358
DA:484,1436
DA:485,1350
DA:486,3432
DA:487,9448
DA:488,983
DA:489,1436
DA:490,1350
DA:491,3434
DA:492,9448
DA:493,983
DA:494,1436
DA:495,0
DA:496,4818
DA:497,33449
DA:498,1436
DA:499,1350
DA:500,13813
DA:501,9187
DA:502,1436
DA:503,1350
DA:504,13812
DA:505,9185
DA:506,1436
DA:507,1388
DA:508,3432
DA:509,979
DA:510,654
DA:511,2330
DA:513,0
DA:515,0
DA:516,732
DA:524,9356
DA:526,1
DA:534,35768
DA:545,31383
DA:546,2
DA:553,0
DA:558,0
DA:559,9994
DA:560,2
DA:562,10381
DA:563,1586
DA:564,3619
DA:569,1882
DA:570,1549
DA:571,1970
DA:572,1628
DA:584,14271
DA:585,12794
DA:588,1579
DA:590,1351
DA:591,2330
DA:595,1350
DA:597,5589
DA:601,2
DA:602,1
DA:604,1
DA:607,0
DA:609,4
DA:610,1
DA:612,0
DA:664,1351
DA:665,1350
DA:754,31488
DA:755,200
DA:756,100
DA:757,9202
DA:758,4601
DA:759,978
DA:760,489
DA:761,978
DA:762,489
DA:763,10065
DA:764,10065
DA:766,200
DA:767,100
DA:768,9202
DA:769,0
DA:770,0
DA:771,0
DA:773,0
DA:774,0
DA:775,4601
DA:776,4601
DA:778,978
DA:779,0
DA:780,489
DA:782,978
DA:783,489
DA:784,10065
DA:785,10065
DA:787,200
DA:788,100
DA:789,0
DA:790,0
DA:791,15644
DA:792,15644
DA:794,200
DA:795,100
DA:796,9202
DA:797,0
DA:798,0
DA:799,0
DA:801,0
DA:802,0
DA:804,489
DA:805,489
DA:806,10065
DA:809,200
DA:810,100
DA:811,4601
DA:812,489
DA:813,489
DA:814,10065
DA:818,200
DA:819,100
DA:820,27670
DA:821,1808
DA:822,904
DA:824,1808
DA:825,904
DA:826,1
DA:827,904
DA:829,1808
DA:830,904
DA:832,1808
DA:833,904
DA:835,1808
DA:836,904
DA:838,1808
DA:839,904
DA:841,200
DA:842,100
DA:843,9202
DA:844,4601
DA:845,489
DA:846,489
DA:847,10065
DA:850,200
DA:851,100
DA:852,9202
DA:853,4601
DA:854,11043
DA:855,11043
DA:857,2328
DA:858,675
DA:859,489
DA:860,675
DA:861,675
DA:864,200
DA:865,100
DA:866,0
DA:867,0
DA:869,200
DA:870,100
DA:871,0
DA:872,0
DA:878,0
DA:879,0
DA:891,15744
DA:902,0
DA:903,0
DA:915,15744
DA:926,0
DA:927,0
DA:939,15744
DA:950,0
DA:951,0
DA:963,15744
DA:994,2
DA:1046,31488
DA:1047,3
DA:1048,1352
DA:1049,2982
DA:1050,3438
DA:1051,6388
DA:1052,446
DA:1053,331
DA:1054,7710
DA:1055,434
DA:1056,396
DA:1057,9243
DA:1058,387
DA:1059,515
DA:1060,10612
DA:1061,300
DA:1062,584
DA:1063,1350
DA:1064,3434
DA:1065,9448
DA:1066,983
DA:1067,1436
DA:1088,2984
DA:1089,3430
DA:1090,7164
DA:1091,10435
DA:1092,3686
DA:1093,341
DA:1094,1351
DA:1095,2984
DA:1096,3430
DA:1098,2982
DA:1099,3430
DA:1100,8540
DA:1101,10444
DA:1102,3688
DA:1103,379
DA:1104,1352
DA:1105,2982
DA:1106,3430
DA:1108,2983
DA:1109,3431
DA:1110,10145
DA:1111,10441
DA:1112,3685
DA:1113,411
DA:1114,1352
DA:1115,2983
DA:1116,3431
DA:1118,2983
DA:1119,3429
DA:1120,11495
DA:1121,10440
DA:1122,3688
DA:1123,306
DA:1124,1352
DA:1125,2983
DA:1126,3429
DA:1127,1
DA:1128,261
DA:1129,2
DA:1131,2
DA:1133,1351
DA:1136,1436
DA:1182,31488
DA:1183,762
DA:1184,381
DA:1186,15744
DA:1187,2982
DA:1188,1491
DA:1190,782
DA:1191,391
DA:1193,15744
DA:1194,2982
DA:1195,1491
DA:1197,810
DA:1198,405
DA:1200,15744
DA:1201,2982
DA:1202,1491
DA:1204,828
DA:1205,414
DA:1207,15744
DA:1208,2982
DA:1209,1491
DA:1211,15744
DA:1212,200
DA:1213,100
DA:1214,258
DA:1215,129
DA:1241,2
DA:1297,1352
DA:1298,2982
DA:1299,3438
DA:1300,1352
DA:1301,2982
DA:1302,3438
DA:1309,31488
DA:1310,3
DA:1311,1352
DA:1312,2982
DA:1313,3438
DA:1314,5386
DA:1315,382
DA:1316,324
DA:1317,6529
DA:1318,367
DA:1319,389
DA:1320,8130
DA:1321,330
DA:1322,500
DA:1323,9298
DA:1324,227
DA:1325,560
DA:1326,1350
DA:1327,3434
DA:1328,9448
DA:1329,983
DA:1330,1436
DA:1347,31488
DA:1348,3
DA:1349,1352
DA:1350,2982
DA:1351,3438
DA:1352,6388
DA:1353,446
DA:1354,331
DA:1355,7710
DA:1356,434
DA:1357,396
DA:1358,9243
DA:1359,387
DA:1360,515
DA:1361,10612
DA:1362,300
DA:1363,584
DA:1364,1350
DA:1365,3434
DA:1366,9448
DA:1367,983
DA:1368,1436
DA:1369,1352
DA:1370,2982
DA:1371,3438
DA:1372,1352
DA:1373,2982
DA:1374,3438
DA:1375,2983
DA:1376,5396
DA:1377,383
DA:1378,325
DA:1379,6534
DA:1380,366
DA:1381,388
DA:1382,8141
DA:1383,330
DA:1384,500
DA:1385,9308
DA:1386,228
DA:1387,561
DA:1445,31488
DA:1446,15744
DA:1447,200
DA:1448,100
DA:1449,2984
DA:1450,1492
DA:1452,200
DA:1453,100
DA:1454,2984
DA:1455,1492
DA:1457,200
DA:1458,100
DA:1459,2984
DA:1460,1492
DA:1462,200
DA:1463,100
DA:1464,2984
DA:1465,1492
DA:1467,200
DA:1468,100
DA:1469,2984
DA:1470,1492
DA:1472,200
DA:1473,100
DA:1474,2984
DA:1475,1492
DA:1477,200
DA:1478,100
DA:1479,2984
DA:1480,1492
DA:1482,200
DA:1483,100
DA:1484,2984
DA:1485,1492
DA:1487,200
DA:1488,100
DA:1489,2984
DA:1490,1492
DA:1492,200
DA:1493,100
DA:1494,2984
DA:1495,1492
DA:1497,200
DA:1498,100
DA:1499,2984
DA:1500,1492
DA:1502,200
DA:1503,100
DA:1504,2984
DA:1505,1492
DA:1531,2
DA:1579,31488
DA:1580,1351
DA:1581,4791
DA:1582,15381
DA:1583,32671
DA:1584,27291
DA:1585,22293
DA:1586,14757
DA:1587,1350
DA:1588,13812
DA:1589,9185
DA:1590,1436
DA:1609,4791
DA:1610,6319
DA:1611,32671
DA:1612,9185
DA:1613,13812
DA:1614,342
DA:1615,1350
DA:1616,4791
DA:1617,6319
DA:1619,4792
DA:1620,6320
DA:1621,27291
DA:1622,9185
DA:1623,13812
DA:1624,380
DA:1625,1350
DA:1626,4792
DA:1627,6320
DA:1629,4791
DA:1630,6316
DA:1631,22293
DA:1632,9185
DA:1633,13812
DA:1634,410
DA:1635,1350
DA:1636,4791
DA:1637,6316
DA:1639,4791
DA:1640,6322
DA:1641,14757
DA:1642,9185
DA:1643,13812
DA:1644,306
DA:1645,1350
DA:1646,4791
DA:1647,6322
DA:1682,31488
DA:1683,2432
DA:1684,1216
DA:1686,15744
DA:1687,4790
DA:1688,2395
DA:1690,2592
DA:1691,1296
DA:1693,15744
DA:1694,4790
DA:1695,2395
DA:1697,2816
DA:1698,1408
DA:1700,15744
DA:1701,4790
DA:1702,2395
DA:1704,2960
DA:1705,1480
DA:1707,15744
DA:1708,4790
DA:1709,2395
DA:1735,2
DA:1787,1351
DA:1788,2983
DA:1789,4824
DA:1790,4333
DA:1791,1808
DA:1792,5017
DA:1793,1351
DA:1794,4791
DA:1795,15381
DA:1797,2983
DA:1804,31488
DA:1805,3
DA:1806,1351
DA:1807,2983
DA:1808,4824
DA:1809,29744
DA:1810,24664
DA:1811,19329
DA:1812,12029
DA:1813,4333
DA:1814,1808
DA:1815,5017
DA:1816,1894
DA:1817,1553
DA:1818,1990
DA:1819,1630
DA:1820,1350
DA:1821,13812
DA:1822,9185
DA:1823,1436
DA:1837,31488
DA:1838,1351
DA:1839,4791
DA:1840,15381
DA:1841,32671
DA:1842,27291
DA:1843,22293
DA:1844,14757
DA:1845,1350
DA:1846,13812
DA:1847,9185
DA:1848,1436
DA:1849,1351
DA:1850,2983
DA:1851,4824
DA:1852,4333
DA:1853,1808
DA:1854,5017
DA:1855,1351
DA:1856,4791
DA:1857,15381
DA:1858,2984
DA:1859,29773
DA:1860,24696
DA:1861,19354
DA:1862,12063
DA:1863,1809
DA:1864,1921
DA:1865,1575
DA:1866,2027
DA:1867,1654
DA:1915,31488
DA:1916,15744
DA:1917,200
DA:1918,100
DA:1919,2984
DA:1920,1492
DA:1922,200
DA:1923,100
DA:1924,2984
DA:1925,1492
DA:1927,200
DA:1928,100
DA:1929,2984
DA:1930,1492
DA:1932,200
DA:1933,100
DA:1934,2984
DA:1935,1492
DA:1937,15744
DA:1938,200
DA:1939,100
DA:1940,1810
DA:1941,905
DA:1943,200
DA:1944,100
DA:1945,1810
DA:1946,905
DA:1948,200
DA:1949,100
DA:1950,1810
DA:1951,905
DA:1953,200
DA:1954,100
DA:1955,1810
DA:1956,905
DA:1982,2
DA:2024,1351
DA:2025,1
DA:2026,30
DA:2027,3
DA:2028,2
DA:2029,8
DA:2030,61
DA:2031,1351
DA:2032,2982
DA:2033,15431
DA:2034,7
DA:2035,987
DA:2036,1941
DA:2037,11790
DA:2038,21
DA:2039,1351
DA:2040,2982
DA:2041,15427
DA:2042,5
DA:2043,987
DA:2044,1941
DA:2045,11786
DA:2046,23
DA:2048,0
DA:2060,31488
DA:2061,3
DA:2062,1352
DA:2063,2982
DA:2064,15431
DA:2065,7
DA:2066,987
DA:2067,1941
DA:2068,11790
DA:2069,21
DA:2070,2
DA:2071,2981
DA:2072,1967
DA:2073,13306
DA:2074,12
DA:2075,2
DA:2076,2
DA:2077,3159
DA:2078,27148
DA:2079,3
DA:2080,1578
DA:2081,8
DA:2082,5833
DA:2083,1
DA:2084,3159
DA:2085,2929
DA:2086,1642
DA:2087,1352
DA:2088,1
DA:2089,30
DA:2090,3
DA:2091,2
DA:2092,8
DA:2093,61
DA:2094,0
DA:2095,1
DA:2096,656
DA:2097,5825
DA:2098,0
DA:2099,979
DA:2100,15411
DA:2101,2
DA:2102,986
DA:2103,1944
DA:2104,11789
DA:2105,1
DA:2106,980
DA:2107,663
DA:2108,5375
DA:2109,2982
DA:2110,2982
DA:2111,23426
DA:2147,1351
DA:2148,2982
DA:2149,15427
DA:2150,5
DA:2151,987
DA:2152,1941
DA:2153,11786
DA:2154,23
DA:2155,1
DA:2156,2983
DA:2157,15427
DA:2158,5
DA:2159,987
DA:2160,1941
DA:2161,11786
DA:2162,23
DA:2163,1352
DA:2164,2982
DA:2165,3438
DA:2166,5386
DA:2167,382
DA:2168,324
DA:2169,6529
DA:2170,367
DA:2171,389
DA:2172,8130
DA:2173,330
DA:2174,500
DA:2175,9298
DA:2176,227
DA:2177,560
DA:2178,1351
DA:2179,2983
DA:2180,4824
DA:2181,29744
DA:2182,24664
DA:2183,19329
DA:2184,12029
DA:2185,31488
DA:2186,3
DA:2187,1
DA:2188,2982
DA:2189,15406
DA:2190,4
DA:2191,986
DA:2192,1936
DA:2193,11777
DA:2194,13
DA:2195,2329
DA:2196,2982
DA:2197,15406
DA:2198,4
DA:2199,986
DA:2200,1936
DA:2201,11777
DA:2202,13
DA:2203,5389
DA:2204,325
DA:2205,6527
DA:2206,388
DA:2207,8133
DA:2208,499
DA:2209,9301
DA:2210,560
DA:2211,29744
DA:2212,24664
DA:2213,19329
DA:2214,12029
DA:2215,655
DA:2216,11598
DA:2217,440
DA:2218,1
DA:2219,31
DA:2220,2
DA:2221,5386
DA:2222,382
DA:2223,324
DA:2224,6529
DA:2225,367
DA:2226,389
DA:2227,8130
DA:2228,330
DA:2229,500
DA:2230,9298
DA:2231,227
DA:2232,560
DA:2233,29744
DA:2234,24664
DA:2235,19329
DA:2236,12029
DA:2237,1350
DA:2238,3434
DA:2239,9448
DA:2240,983
DA:2241,1436
DA:2242,1350
DA:2243,13812
DA:2244,9185
DA:2245,1436
DA:2246,31488
DA:2247,3
DA:2248,2329
DA:2249,2983
DA:2250,15414
DA:2251,2
DA:2252,986
DA:2253,1943
DA:2254,11780
DA:2255,15
DA:2256,5387
DA:2257,325
DA:2258,6527
DA:2259,390
DA:2260,8125
DA:2261,501
DA:2262,9301
DA:2263,559
DA:2264,29710
DA:2265,24630
DA:2266,19288
DA:2267,11992
DA:2268,653
DA:2269,1436
DA:2270,440
DA:2271,1
DA:2272,60
DA:2273,5
DA:2274,2
DA:2275,2981
DA:2276,1967
DA:2277,13299
DA:2278,15
DA:2279,2981
DA:2280,1
DA:2281,4333
DA:2282,1808
DA:2283,5017
DA:2284,1894
DA:2285,1553
DA:2286,1990
DA:2287,1630
DA:2288,1350
DA:2289,13812
DA:2290,9185
DA:2291,1436
DA:2292,1350
DA:2293,3434
DA:2294,9448
DA:2295,983
DA:2296,1436
DA:2297,2
DA:2298,3158
DA:2299,27146
DA:2300,1578
DA:2301,5834
DA:2302,1
DA:2303,3159
DA:2304,2929
DA:2305,1642
DA:2306,0
DA:2307,979
DA:2308,15414
DA:2309,2
DA:2310,986
DA:2311,1943
DA:2312,11780
DA:2313,1
DA:2314,980
DA:2315,5375
DA:2316,0
DA:2317,1
DA:2318,654
DA:2319,5831
DA:2320,1
DA:2321,31488
DA:2322,3
DA:2323,1352
DA:2324,2982
DA:2325,3438
DA:2326,5386
DA:2327,382
DA:2328,324
DA:2329,6529
DA:2330,367
DA:2331,389
DA:2332,8130
DA:2333,330
DA:2334,500
DA:2335,9298
DA:2336,227
DA:2337,560
DA:2338,1350
DA:2339,3434
DA:2340,9448
DA:2341,983
DA:2342,1436
DA:2343,31488
DA:2344,3
DA:2345,1351
DA:2346,2983
DA:2347,4824
DA:2348,29744
DA:2349,24664
DA:2350,19329
DA:2351,12029
DA:2352,4333
DA:2353,1808
DA:2354,5017
DA:2355,1894
DA:2356,1553
DA:2357,1990
DA:2358,1630
DA:2359,1350
DA:2360,13812
DA:2361,9185
DA:2362,1436
DA:2363,1351
DA:2364,1
DA:2365,30
DA:2366,3
DA:2367,2
DA:2368,8
DA:2369,61
DA:2370,1351
DA:2371,2982
DA:2372,15431
DA:2373,7
DA:2374,987
DA:2375,1941
DA:2376,11790
DA:2377,21
DA:2378,1351
DA:2379,2982
DA:2380,15427
DA:2381,5
DA:2382,987
DA:2383,1941
DA:2384,11786
DA:2385,23
DA:2387,2982
DA:2391,15406
DA:2392,4
DA:2393,986
DA:2394,1936
DA:2395,11777
DA:2396,13
DA:2397,2983
DA:2401,15414
DA:2402,2
DA:2403,986
DA:2404,1943
DA:2405,11780
DA:2406,15
DA:2407,5387
DA:2408,325
DA:2409,6527
DA:2410,390
DA:2411,8125
DA:2412,501
DA:2413,9301
DA:2414,559
DA:2415,29710
DA:2416,24630
DA:2417,19288
DA:2418,11992
DA:2419,653
DA:2420,1436
DA:2421,440
DA:2422,1
DA:2423,60
DA:2424,5
DA:2839,31488
DA:2840,200
DA:2841,100
DA:2842,2
DA:2843,1
DA:2844,15643
DA:2845,15643
DA:2847,2982
DA:2848,1491
DA:2850,2982
DA:2851,1491
DA:2853,2982
DA:2854,1491
DA:2856,2982
DA:2857,1491
DA:2859,2982
DA:2860,1491
DA:2862,2982
DA:2863,1491
DA:2865,200
DA:2866,100
DA:2867,0
DA:2868,0
DA:2869,15644
DA:2870,15644
DA:2872,2982
DA:2873,1491
DA:2875,2982
DA:2876,1491
DA:2878,2982
DA:2879,1491
DA:2881,2982
DA:2882,1491
DA:2884,2982
DA:2885,1491
DA:2887,2982
DA:2888,1491
DA:2890,2982
DA:2891,1491
DA:2893,2982
DA:2894,1491
DA:2896,2982
DA:2897,1491
DA:2899,2982
DA:2900,1491
DA:2902,2982
DA:2903,1491
DA:2905,2982
DA:2906,1491
DA:2908,2982
DA:2909,1491
DA:2911,2982
DA:2912,1491
DA:2914,2982
DA:2915,1491
DA:2917,2982
DA:2918,1491
DA:2920,2982
DA:2921,1491
DA:2923,2982
DA:2924,1491
DA:2926,2982
DA:2927,1491
DA:2929,2982
DA:2930,1491
DA:2932,2982
DA:2933,1491
DA:2935,2982
DA:2936,1491
DA:2938,2982
DA:2939,1491
DA:2941,2982
DA:2942,1491
DA:2968,2
end_of_record
SF:/home/yzcc/XS-MLVP/Nutshell-cache/build/picker_out_Cache/Cache_top.sv
DA:3,31488
DA:4,3
DA:5,1352
DA:6,2982
DA:7,15431
DA:8,7
DA:9,987
DA:10,1941
DA:11,11790
DA:12,21
DA:13,2
DA:14,2981
DA:15,1967
DA:16,13306
DA:17,12
DA:18,2
DA:19,2
DA:20,3159
DA:21,27148
DA:22,2
DA:23,1578
DA:24,5
DA:25,5833
DA:26,1
DA:27,3159
DA:28,2929
DA:29,1642
DA:30,1352
DA:31,1
DA:32,30
DA:33,3
DA:34,2
DA:35,8
DA:36,61
DA:37,0
DA:38,1
DA:39,656
DA:40,5825
DA:41,0
DA:42,979
DA:43,15411
DA:44,2
DA:45,986
DA:46,1944
DA:47,11789
DA:48,0
DA:49,980
DA:50,663
DA:51,5375
DA:52,2982
DA:53,2982
DA:54,23426
DA:218,0
DA:220,0
DA:223,62976
DA:225,31488
DA:228,31488
DA:230,15744
DA:233,4
DA:235,2
DA:238,71092
DA:240,35546
DA:243,0
DA:245,0
DA:248,31488
DA:250,15744
DA:253,5966
DA:255,2983
DA:258,31488
DA:260,15744
DA:263,2002
DA:265,1001
DA:268,31488
DA:270,15744
DA:273,4
DA:275,2
DA:278,31488
DA:280,15744
DA:283,1966
DA:285,983
DA:288,31488
DA:290,15744
DA:293,984
DA:295,492
DA:298,31488
DA:300,15744
DA:303,984
DA:305,492
DA:308,31488
DA:310,15744
DA:313,4
DA:315,2
DA:318,31488
DA:320,15744
DA:323,4
DA:325,2
DA:328,89136
DA:330,44568
DA:333,0
DA:335,0
DA:338,63960
DA:340,31980
DA:343,0
DA:345,0
DA:348,64978
DA:350,32489
DA:353,0
DA:355,0
DA:358,62978
DA:360,31489
DA:363,0
DA:365,0
DA:368,31488
DA:370,15744
DA:373,2
DA:375,1
DA:378,31488
DA:380,15744
DA:383,2
DA:385,1
DA:388,94466
DA:390,47233
DA:393,0
DA:395,0
DA:398,66136
DA:400,33068
DA:403,0
DA:405,0
DA:408,62978
DA:410,31489
DA:413,0
DA:415,0
DA:418,218836
DA:420,109418
DA:423,0
DA:425,0
DA:428,64786
DA:430,32393
DA:433,0
DA:435,0
DA:438,64786
DA:440,32393
DA:443,0
DA:445,0
DA:448,94466
DA:450,47233
DA:453,0
DA:455,0
DA:458,31488
DA:460,15744
DA:463,6318
DA:465,3159
DA:468,31488
DA:470,15744
DA:473,2926
DA:475,1463
DA:478,31488
DA:480,15744
DA:483,454
DA:485,227
DA:488,62978
DA:490,31489
DA:493,0
DA:495,0
DA:498,31488
DA:500,15744
DA:503,2
DA:505,1
DA:508,31488
DA:510,15744
DA:513,2
DA:515,1
DA:518,31488
DA:520,15744
DA:523,2
DA:525,1
DA:528,31488
DA:530,15744
DA:533,2
DA:535,1
DA:538,31488
DA:540,15744
DA:543,2
DA:545,1
DA:548,31488
DA:550,15744
DA:553,2
DA:555,1
DA:558,31488
DA:560,15744
DA:563,2
DA:565,1
DA:568,62978
DA:570,31489
DA:573,0
DA:575,0
DA:578,62978
DA:580,31489
DA:583,0
DA:585,0
DA:588,62978
DA:590,31489
DA:593,0
DA:595,0
DA:598,31488
DA:600,15744
DA:603,2
DA:605,1
DA:608,94466
DA:610,47233
DA:613,0
DA:615,0
DA:618,63956
DA:620,31978
DA:623,0
DA:625,0
DA:628,62978
DA:630,31489
DA:633,0
DA:635,0
DA:638,220418
DA:640,110209
DA:643,0
DA:645,0
DA:648,63306
DA:650,31653
DA:653,0
DA:655,0
DA:658,63306
DA:660,31653
DA:663,0
DA:665,0
DA:668,94466
DA:670,47233
DA:673,0
DA:675,0
DA:678,31488
DA:680,15744
DA:683,1958
DA:685,979
DA:688,31488
DA:690,15744
DA:693,660
DA:695,330
DA:698,31488
DA:700,15744
DA:703,834
DA:705,417
DA:708,62978
DA:710,31489
DA:713,0
DA:715,0
DA:718,62978
DA:720,31489
DA:723,0
DA:725,0
DA:728,62978
DA:730,31489
DA:733,0
DA:735,0
DA:740,2
DA:741,1
DA:742,1
end_of_record
