TN:verilator_coverage
SF:/home/yzcc/XS-MLVP/Nutshell-cache/workload/Cache.v
DA:2,1389
DA:3,3042
DA:4,14370
DA:5,5
DA:6,1047
DA:7,2106
DA:8,12628
DA:9,23
DA:10,1
DA:11,3043
DA:12,14370
DA:13,5
DA:14,1047
DA:15,2106
DA:16,12628
DA:17,23
DA:18,1390
DA:19,3042
DA:20,3486
DA:21,5726
DA:22,362
DA:23,368
DA:24,7247
DA:25,381
DA:26,432
DA:27,8314
DA:28,334
DA:29,465
DA:30,9554
DA:31,237
DA:32,588
DA:33,1389
DA:34,3043
DA:35,4859
DA:36,28414
DA:37,24406
DA:38,18882
DA:39,11737
DA:56,32866
DA:57,3
DA:58,1
DA:59,3042
DA:60,14355
DA:61,4
DA:62,1044
DA:63,2101
DA:64,12595
DA:65,19
DA:66,2322
DA:67,3042
DA:68,14355
DA:69,4
DA:70,1044
DA:71,2101
DA:72,12595
DA:73,19
DA:74,5729
DA:75,369
DA:76,7245
DA:77,431
DA:78,8317
DA:79,464
DA:80,9557
DA:81,588
DA:82,28414
DA:83,24406
DA:84,18882
DA:85,11737
DA:86,721
DA:87,13032
DA:88,431
DA:89,1
DA:90,31
DA:91,2
DA:92,24440
DA:93,5726
DA:94,362
DA:95,368
DA:96,7247
DA:97,381
DA:98,432
DA:99,8314
DA:100,334
DA:101,465
DA:102,9554
DA:103,237
DA:104,588
DA:105,28414
DA:106,24406
DA:107,18882
DA:108,11737
DA:109,1388
DA:110,3484
DA:111,9504
DA:112,1041
DA:113,1512
DA:114,1388
DA:115,14150
DA:116,10307
DA:117,1512
DA:129,1372
DA:130,3481
DA:131,9497
DA:132,0
DA:133,0
DA:138,10
DA:139,1
DA:140,2
DA:144,1
DA:145,0
DA:146,0
DA:147,0
DA:148,0
DA:149,5732
DA:150,362
DA:151,7247
DA:152,381
DA:153,8318
DA:154,334
DA:155,9554
DA:156,238
DA:161,723
DA:162,519985
DA:163,8118
DA:166,24440
DA:172,1313
DA:173,362
DA:176,1383
DA:178,13034
DA:190,0
DA:191,2
DA:193,33
DA:194,2
DA:223,32866
DA:224,200
DA:225,100
DA:226,0
DA:227,16333
DA:228,0
DA:229,0
DA:231,0
DA:232,0
DA:234,0
DA:235,0
DA:237,0
DA:238,0
DA:240,200
DA:241,100
DA:242,0
DA:243,0
DA:244,16333
DA:245,16333
DA:247,200
DA:248,100
DA:249,0
DA:250,16333
DA:251,0
DA:252,0
DA:254,0
DA:255,0
DA:257,0
DA:258,0
DA:264,0
DA:265,0
DA:276,16433
DA:307,2
DA:345,1
DA:346,3482
DA:347,10026
DA:348,1512
DA:349,1388
DA:350,3482
DA:351,9504
DA:352,1041
DA:353,1512
DA:354,1388
DA:355,3484
DA:356,9504
DA:357,1041
DA:358,1512
DA:360,0
DA:368,0
DA:369,4853
DA:370,32530
DA:371,1512
DA:372,1388
DA:373,14151
DA:374,10309
DA:375,1512
DA:376,1388
DA:377,14150
DA:378,10307
DA:379,1512
DA:381,1
DA:388,32866
DA:389,3
DA:390,2322
DA:391,3043
DA:392,14363
DA:393,2
DA:394,1044
DA:395,2102
DA:396,12592
DA:397,19
DA:398,5727
DA:399,369
DA:400,7245
DA:401,433
DA:402,8309
DA:403,466
DA:404,9557
DA:405,587
DA:406,28384
DA:407,24374
DA:408,18845
DA:409,11706
DA:410,720
DA:411,1512
DA:412,433
DA:413,1
DA:414,60
DA:415,5
DA:416,2
DA:417,3041
DA:418,2083
DA:419,14091
DA:420,19
DA:421,3041
DA:422,1
DA:423,4431
DA:424,2112
DA:425,5333
DA:426,2306
DA:427,2397
DA:428,1877
DA:429,2174
DA:430,1388
DA:431,14150
DA:432,10307
DA:433,1512
DA:434,1388
DA:435,3484
DA:436,9504
DA:437,1041
DA:438,1512
DA:439,2
DA:440,3500
DA:441,28582
DA:442,1654
DA:443,8628
DA:444,1
DA:445,3501
DA:446,3043
DA:447,1908
DA:448,0
DA:449,935
DA:450,14363
DA:451,2
DA:452,1044
DA:453,2102
DA:454,12592
DA:455,1
DA:456,936
DA:457,5276
DA:458,0
DA:459,1
DA:460,721
DA:461,8625
DA:462,1
DA:481,1
DA:482,3482
DA:483,10026
DA:484,1512
DA:485,1388
DA:486,3482
DA:487,9504
DA:488,1041
DA:489,1512
DA:490,1388
DA:491,3484
DA:492,9504
DA:493,1041
DA:494,1512
DA:495,0
DA:496,4853
DA:497,32530
DA:498,1512
DA:499,1388
DA:500,14151
DA:501,10309
DA:502,1512
DA:503,1388
DA:504,14150
DA:505,10307
DA:506,1512
DA:507,1373
DA:508,3482
DA:509,934
DA:510,721
DA:511,2323
DA:513,0
DA:515,0
DA:516,772
DA:524,10024
DA:526,1
DA:534,34895
DA:545,33255
DA:546,2
DA:553,0
DA:558,0
DA:559,10081
DA:560,2
DA:562,10669
DA:563,1852
DA:564,4227
DA:569,2294
DA:570,2393
DA:571,1857
DA:572,2172
DA:584,14362
DA:585,13512
DA:588,1655
DA:590,1389
DA:591,2322
DA:595,1388
DA:597,5440
DA:601,2
DA:602,1
DA:604,1
DA:607,0
DA:609,4
DA:610,1
DA:612,0
DA:664,1389
DA:665,1388
DA:754,32866
DA:755,200
DA:756,100
DA:757,9384
DA:758,4692
DA:759,934
DA:760,467
DA:761,934
DA:762,467
DA:763,10707
DA:764,10707
DA:766,200
DA:767,100
DA:768,9384
DA:769,0
DA:770,0
DA:771,0
DA:773,0
DA:774,0
DA:775,4692
DA:776,4692
DA:778,934
DA:779,0
DA:780,467
DA:782,934
DA:783,467
DA:784,10707
DA:785,10707
DA:787,200
DA:788,100
DA:789,0
DA:790,0
DA:791,16333
DA:792,16333
DA:794,200
DA:795,100
DA:796,9384
DA:797,0
DA:798,0
DA:799,0
DA:801,0
DA:802,0
DA:804,467
DA:805,467
DA:806,10707
DA:809,200
DA:810,100
DA:811,4692
DA:812,467
DA:813,467
DA:814,10707
DA:818,200
DA:819,100
DA:820,28440
DA:821,2112
DA:822,1056
DA:824,2112
DA:825,1056
DA:826,1
DA:827,1056
DA:829,2112
DA:830,1056
DA:832,2112
DA:833,1056
DA:835,2112
DA:836,1056
DA:838,2112
DA:839,1056
DA:841,200
DA:842,100
DA:843,9384
DA:844,4692
DA:845,467
DA:846,467
DA:847,10707
DA:850,200
DA:851,100
DA:852,9384
DA:853,4692
DA:854,11641
DA:855,11641
DA:857,2322
DA:858,694
DA:859,467
DA:860,694
DA:861,694
DA:864,200
DA:865,100
DA:866,0
DA:867,0
DA:869,200
DA:870,100
DA:871,0
DA:872,0
DA:878,0
DA:879,0
DA:891,16433
DA:902,0
DA:903,0
DA:915,16433
DA:926,0
DA:927,0
DA:939,16433
DA:950,0
DA:951,0
DA:963,16433
DA:994,2
DA:1046,32866
DA:1047,3
DA:1048,1390
DA:1049,3042
DA:1050,3486
DA:1051,6740
DA:1052,422
DA:1053,371
DA:1054,8190
DA:1055,432
DA:1056,445
DA:1057,9565
DA:1058,399
DA:1059,476
DA:1060,10786
DA:1061,306
DA:1062,602
DA:1063,1388
DA:1064,3484
DA:1065,9504
DA:1066,1041
DA:1067,1512
DA:1088,3044
DA:1089,3480
DA:1090,7532
DA:1091,10549
DA:1092,3736
DA:1093,352
DA:1094,1389
DA:1095,3044
DA:1096,3480
DA:1098,3042
DA:1099,3482
DA:1100,9067
DA:1101,10558
DA:1102,3738
DA:1103,411
DA:1104,1390
DA:1105,3042
DA:1106,3482
DA:1108,3043
DA:1109,3481
DA:1110,10440
DA:1111,10555
DA:1112,3735
DA:1113,418
DA:1114,1390
DA:1115,3043
DA:1116,3481
DA:1118,3043
DA:1119,3485
DA:1120,11693
DA:1121,10554
DA:1122,3738
DA:1123,332
DA:1124,1390
DA:1125,3043
DA:1126,3485
DA:1127,1
DA:1128,261
DA:1129,2
DA:1131,2
DA:1133,1389
DA:1136,1512
DA:1182,32866
DA:1183,778
DA:1184,389
DA:1186,16433
DA:1187,3042
DA:1188,1521
DA:1190,798
DA:1191,399
DA:1193,16433
DA:1194,3042
DA:1195,1521
DA:1197,814
DA:1198,407
DA:1200,16433
DA:1201,3042
DA:1202,1521
DA:1204,830
DA:1205,415
DA:1207,16433
DA:1208,3042
DA:1209,1521
DA:1211,16433
DA:1212,200
DA:1213,100
DA:1214,258
DA:1215,129
DA:1241,2
DA:1297,1390
DA:1298,3042
DA:1299,3486
DA:1300,1390
DA:1301,3042
DA:1302,3486
DA:1309,32866
DA:1310,3
DA:1311,1390
DA:1312,3042
DA:1313,3486
DA:1314,5726
DA:1315,362
DA:1316,368
DA:1317,7247
DA:1318,381
DA:1319,432
DA:1320,8314
DA:1321,334
DA:1322,465
DA:1323,9554
DA:1324,237
DA:1325,588
DA:1326,1388
DA:1327,3484
DA:1328,9504
DA:1329,1041
DA:1330,1512
DA:1347,32866
DA:1348,3
DA:1349,1390
DA:1350,3042
DA:1351,3486
DA:1352,6740
DA:1353,422
DA:1354,371
DA:1355,8190
DA:1356,432
DA:1357,445
DA:1358,9565
DA:1359,399
DA:1360,476
DA:1361,10786
DA:1362,306
DA:1363,602
DA:1364,1388
DA:1365,3484
DA:1366,9504
DA:1367,1041
DA:1368,1512
DA:1369,1390
DA:1370,3042
DA:1371,3486
DA:1372,1390
DA:1373,3042
DA:1374,3486
DA:1375,3043
DA:1376,5736
DA:1377,363
DA:1378,369
DA:1379,7252
DA:1380,380
DA:1381,431
DA:1382,8325
DA:1383,334
DA:1384,465
DA:1385,9564
DA:1386,238
DA:1387,589
DA:1445,32866
DA:1446,16433
DA:1447,200
DA:1448,100
DA:1449,3044
DA:1450,1522
DA:1452,200
DA:1453,100
DA:1454,3044
DA:1455,1522
DA:1457,200
DA:1458,100
DA:1459,3044
DA:1460,1522
DA:1462,200
DA:1463,100
DA:1464,3044
DA:1465,1522
DA:1467,200
DA:1468,100
DA:1469,3044
DA:1470,1522
DA:1472,200
DA:1473,100
DA:1474,3044
DA:1475,1522
DA:1477,200
DA:1478,100
DA:1479,3044
DA:1480,1522
DA:1482,200
DA:1483,100
DA:1484,3044
DA:1485,1522
DA:1487,200
DA:1488,100
DA:1489,3044
DA:1490,1522
DA:1492,200
DA:1493,100
DA:1494,3044
DA:1495,1522
DA:1497,200
DA:1498,100
DA:1499,3044
DA:1500,1522
DA:1502,200
DA:1503,100
DA:1504,3044
DA:1505,1522
DA:1531,2
DA:1579,32866
DA:1580,1389
DA:1581,5155
DA:1582,16389
DA:1583,31595
DA:1584,27555
DA:1585,21718
DA:1586,14925
DA:1587,1388
DA:1588,14150
DA:1589,10307
DA:1590,1512
DA:1609,5155
DA:1610,6596
DA:1611,31595
DA:1612,10307
DA:1613,14150
DA:1614,353
DA:1615,1388
DA:1616,5155
DA:1617,6596
DA:1619,5156
DA:1620,6595
DA:1621,27555
DA:1622,10307
DA:1623,14150
DA:1624,412
DA:1625,1388
DA:1626,5156
DA:1627,6595
DA:1629,5155
DA:1630,6593
DA:1631,21718
DA:1632,10307
DA:1633,14150
DA:1634,417
DA:1635,1388
DA:1636,5155
DA:1637,6593
DA:1639,5155
DA:1640,6595
DA:1641,14925
DA:1642,10307
DA:1643,14150
DA:1644,332
DA:1645,1388
DA:1646,5155
DA:1647,6595
DA:1682,32866
DA:1683,2560
DA:1684,1280
DA:1686,16433
DA:1687,5154
DA:1688,2577
DA:1690,2720
DA:1691,1360
DA:1693,16433
DA:1694,5154
DA:1695,2577
DA:1697,2848
DA:1698,1424
DA:1700,16433
DA:1701,5154
DA:1702,2577
DA:1704,2976
DA:1705,1488
DA:1707,16433
DA:1708,5154
DA:1709,2577
DA:1735,2
DA:1787,1389
DA:1788,3043
DA:1789,4859
DA:1790,4431
DA:1791,2112
DA:1792,5333
DA:1793,1389
DA:1794,5155
DA:1795,16389
DA:1797,3043
DA:1804,32866
DA:1805,3
DA:1806,1389
DA:1807,3043
DA:1808,4859
DA:1809,28414
DA:1810,24406
DA:1811,18882
DA:1812,11737
DA:1813,4431
DA:1814,2112
DA:1815,5333
DA:1816,2306
DA:1817,2397
DA:1818,1877
DA:1819,2174
DA:1820,1388
DA:1821,14150
DA:1822,10307
DA:1823,1512
DA:1837,32866
DA:1838,1389
DA:1839,5155
DA:1840,16389
DA:1841,31595
DA:1842,27555
DA:1843,21718
DA:1844,14925
DA:1845,1388
DA:1846,14150
DA:1847,10307
DA:1848,1512
DA:1849,1389
DA:1850,3043
DA:1851,4859
DA:1852,4431
DA:1853,2112
DA:1854,5333
DA:1855,1389
DA:1856,5155
DA:1857,16389
DA:1858,3044
DA:1859,28443
DA:1860,24438
DA:1861,18907
DA:1862,11771
DA:1863,2113
DA:1864,2333
DA:1865,2419
DA:1866,1914
DA:1867,2198
DA:1915,32866
DA:1916,16433
DA:1917,200
DA:1918,100
DA:1919,3044
DA:1920,1522
DA:1922,200
DA:1923,100
DA:1924,3044
DA:1925,1522
DA:1927,200
DA:1928,100
DA:1929,3044
DA:1930,1522
DA:1932,200
DA:1933,100
DA:1934,3044
DA:1935,1522
DA:1937,16433
DA:1938,200
DA:1939,100
DA:1940,2114
DA:1941,1057
DA:1943,200
DA:1944,100
DA:1945,2114
DA:1946,1057
DA:1948,200
DA:1949,100
DA:1950,2114
DA:1951,1057
DA:1953,200
DA:1954,100
DA:1955,2114
DA:1956,1057
DA:1982,2
DA:2024,1389
DA:2025,1
DA:2026,30
DA:2027,3
DA:2028,2
DA:2029,8
DA:2030,61
DA:2031,1389
DA:2032,3042
DA:2033,14374
DA:2034,7
DA:2035,1047
DA:2036,2106
DA:2037,12632
DA:2038,21
DA:2039,1389
DA:2040,3042
DA:2041,14370
DA:2042,5
DA:2043,1047
DA:2044,2106
DA:2045,12628
DA:2046,23
DA:2048,0
DA:2060,32866
DA:2061,3
DA:2062,1390
DA:2063,3042
DA:2064,14374
DA:2065,7
DA:2066,1047
DA:2067,2106
DA:2068,12632
DA:2069,21
DA:2070,2
DA:2071,3041
DA:2072,2083
DA:2073,14098
DA:2074,16
DA:2075,2
DA:2076,2
DA:2077,3501
DA:2078,28584
DA:2079,3
DA:2080,1654
DA:2081,8
DA:2082,8627
DA:2083,1
DA:2084,3501
DA:2085,3043
DA:2086,1908
DA:2087,1390
DA:2088,1
DA:2089,30
DA:2090,3
DA:2091,2
DA:2092,8
DA:2093,61
DA:2094,0
DA:2095,1
DA:2096,723
DA:2097,8619
DA:2098,0
DA:2099,935
DA:2100,14360
DA:2101,2
DA:2102,1044
DA:2103,2103
DA:2104,12601
DA:2105,1
DA:2106,936
DA:2107,649
DA:2108,5276
DA:2109,3042
DA:2110,3042
DA:2111,24440
DA:2147,1389
DA:2148,3042
DA:2149,14370
DA:2150,5
DA:2151,1047
DA:2152,2106
DA:2153,12628
DA:2154,23
DA:2155,1
DA:2156,3043
DA:2157,14370
DA:2158,5
DA:2159,1047
DA:2160,2106
DA:2161,12628
DA:2162,23
DA:2163,1390
DA:2164,3042
DA:2165,3486
DA:2166,5726
DA:2167,362
DA:2168,368
DA:2169,7247
DA:2170,381
DA:2171,432
DA:2172,8314
DA:2173,334
DA:2174,465
DA:2175,9554
DA:2176,237
DA:2177,588
DA:2178,1389
DA:2179,3043
DA:2180,4859
DA:2181,28414
DA:2182,24406
DA:2183,18882
DA:2184,11737
DA:2185,32866
DA:2186,3
DA:2187,1
DA:2188,3042
DA:2189,14355
DA:2190,4
DA:2191,1044
DA:2192,2101
DA:2193,12595
DA:2194,19
DA:2195,2322
DA:2196,3042
DA:2197,14355
DA:2198,4
DA:2199,1044
DA:2200,2101
DA:2201,12595
DA:2202,19
DA:2203,5729
DA:2204,369
DA:2205,7245
DA:2206,431
DA:2207,8317
DA:2208,464
DA:2209,9557
DA:2210,588
DA:2211,28414
DA:2212,24406
DA:2213,18882
DA:2214,11737
DA:2215,721
DA:2216,13032
DA:2217,431
DA:2218,1
DA:2219,31
DA:2220,2
DA:2221,5726
DA:2222,362
DA:2223,368
DA:2224,7247
DA:2225,381
DA:2226,432
DA:2227,8314
DA:2228,334
DA:2229,465
DA:2230,9554
DA:2231,237
DA:2232,588
DA:2233,28414
DA:2234,24406
DA:2235,18882
DA:2236,11737
DA:2237,1388
DA:2238,3484
DA:2239,9504
DA:2240,1041
DA:2241,1512
DA:2242,1388
DA:2243,14150
DA:2244,10307
DA:2245,1512
DA:2246,32866
DA:2247,3
DA:2248,2322
DA:2249,3043
DA:2250,14363
DA:2251,2
DA:2252,1044
DA:2253,2102
DA:2254,12592
DA:2255,19
DA:2256,5727
DA:2257,369
DA:2258,7245
DA:2259,433
DA:2260,8309
DA:2261,466
DA:2262,9557
DA:2263,587
DA:2264,28384
DA:2265,24374
DA:2266,18845
DA:2267,11706
DA:2268,720
DA:2269,1512
DA:2270,433
DA:2271,1
DA:2272,60
DA:2273,5
DA:2274,2
DA:2275,3041
DA:2276,2083
DA:2277,14091
DA:2278,19
DA:2279,3041
DA:2280,1
DA:2281,4431
DA:2282,2112
DA:2283,5333
DA:2284,2306
DA:2285,2397
DA:2286,1877
DA:2287,2174
DA:2288,1388
DA:2289,14150
DA:2290,10307
DA:2291,1512
DA:2292,1388
DA:2293,3484
DA:2294,9504
DA:2295,1041
DA:2296,1512
DA:2297,2
DA:2298,3500
DA:2299,28582
DA:2300,1654
DA:2301,8628
DA:2302,1
DA:2303,3501
DA:2304,3043
DA:2305,1908
DA:2306,0
DA:2307,935
DA:2308,14363
DA:2309,2
DA:2310,1044
DA:2311,2102
DA:2312,12592
DA:2313,1
DA:2314,936
DA:2315,5276
DA:2316,0
DA:2317,1
DA:2318,721
DA:2319,8625
DA:2320,1
DA:2321,32866
DA:2322,3
DA:2323,1390
DA:2324,3042
DA:2325,3486
DA:2326,5726
DA:2327,362
DA:2328,368
DA:2329,7247
DA:2330,381
DA:2331,432
DA:2332,8314
DA:2333,334
DA:2334,465
DA:2335,9554
DA:2336,237
DA:2337,588
DA:2338,1388
DA:2339,3484
DA:2340,9504
DA:2341,1041
DA:2342,1512
DA:2343,32866
DA:2344,3
DA:2345,1389
DA:2346,3043
DA:2347,4859
DA:2348,28414
DA:2349,24406
DA:2350,18882
DA:2351,11737
DA:2352,4431
DA:2353,2112
DA:2354,5333
DA:2355,2306
DA:2356,2397
DA:2357,1877
DA:2358,2174
DA:2359,1388
DA:2360,14150
DA:2361,10307
DA:2362,1512
DA:2363,1389
DA:2364,1
DA:2365,30
DA:2366,3
DA:2367,2
DA:2368,8
DA:2369,61
DA:2370,1389
DA:2371,3042
DA:2372,14374
DA:2373,7
DA:2374,1047
DA:2375,2106
DA:2376,12632
DA:2377,21
DA:2378,1389
DA:2379,3042
DA:2380,14370
DA:2381,5
DA:2382,1047
DA:2383,2106
DA:2384,12628
DA:2385,23
DA:2387,3042
DA:2391,14355
DA:2392,4
DA:2393,1044
DA:2394,2101
DA:2395,12595
DA:2396,19
DA:2397,3043
DA:2401,14363
DA:2402,2
DA:2403,1044
DA:2404,2102
DA:2405,12592
DA:2406,19
DA:2407,5727
DA:2408,369
DA:2409,7245
DA:2410,433
DA:2411,8309
DA:2412,466
DA:2413,9557
DA:2414,587
DA:2415,28384
DA:2416,24374
DA:2417,18845
DA:2418,11706
DA:2419,720
DA:2420,1512
DA:2421,433
DA:2422,1
DA:2423,60
DA:2424,5
DA:2839,32866
DA:2840,200
DA:2841,100
DA:2842,2
DA:2843,1
DA:2844,16332
DA:2845,16332
DA:2847,3042
DA:2848,1521
DA:2850,3042
DA:2851,1521
DA:2853,3042
DA:2854,1521
DA:2856,3042
DA:2857,1521
DA:2859,3042
DA:2860,1521
DA:2862,3042
DA:2863,1521
DA:2865,200
DA:2866,100
DA:2867,0
DA:2868,0
DA:2869,16333
DA:2870,16333
DA:2872,3042
DA:2873,1521
DA:2875,3042
DA:2876,1521
DA:2878,3042
DA:2879,1521
DA:2881,3042
DA:2882,1521
DA:2884,3042
DA:2885,1521
DA:2887,3042
DA:2888,1521
DA:2890,3042
DA:2891,1521
DA:2893,3042
DA:2894,1521
DA:2896,3042
DA:2897,1521
DA:2899,3042
DA:2900,1521
DA:2902,3042
DA:2903,1521
DA:2905,3042
DA:2906,1521
DA:2908,3042
DA:2909,1521
DA:2911,3042
DA:2912,1521
DA:2914,3042
DA:2915,1521
DA:2917,3042
DA:2918,1521
DA:2920,3042
DA:2921,1521
DA:2923,3042
DA:2924,1521
DA:2926,3042
DA:2927,1521
DA:2929,3042
DA:2930,1521
DA:2932,3042
DA:2933,1521
DA:2935,3042
DA:2936,1521
DA:2938,3042
DA:2939,1521
DA:2941,3042
DA:2942,1521
DA:2968,2
end_of_record
SF:/home/yzcc/XS-MLVP/Nutshell-cache/workload/Cache_top.sv
DA:3,32866
DA:4,3
DA:5,1390
DA:6,3042
DA:7,14374
DA:8,7
DA:9,1047
DA:10,2106
DA:11,12632
DA:12,21
DA:13,2
DA:14,3041
DA:15,2083
DA:16,14098
DA:17,16
DA:18,2
DA:19,2
DA:20,3501
DA:21,28584
DA:22,2
DA:23,1654
DA:24,5
DA:25,8627
DA:26,1
DA:27,3501
DA:28,3043
DA:29,1908
DA:30,1390
DA:31,1
DA:32,30
DA:33,3
DA:34,2
DA:35,8
DA:36,61
DA:37,0
DA:38,1
DA:39,723
DA:40,8619
DA:41,0
DA:42,935
DA:43,14360
DA:44,2
DA:45,1044
DA:46,2103
DA:47,12601
DA:48,0
DA:49,936
DA:50,649
DA:51,5276
DA:52,3042
DA:53,3042
DA:54,24440
DA:218,0
DA:220,0
DA:223,65732
DA:225,32866
DA:228,32866
DA:230,16433
DA:233,4
DA:235,2
DA:238,139920
DA:240,69960
DA:243,0
DA:245,0
DA:248,32866
DA:250,16433
DA:253,6086
DA:255,3043
DA:258,32866
DA:260,16433
DA:263,2002
DA:265,1001
DA:268,32866
DA:270,16433
DA:273,4
DA:275,2
DA:278,32866
DA:280,16433
DA:283,2086
DA:285,1043
DA:288,32866
DA:290,16433
DA:293,1044
DA:295,522
DA:298,32866
DA:300,16433
DA:303,1044
DA:305,522
DA:308,32866
DA:310,16433
DA:313,4
DA:315,2
DA:318,32866
DA:320,16433
DA:323,4
DA:325,2
DA:328,158282
DA:330,79141
DA:333,0
DA:335,0
DA:338,66776
DA:340,33388
DA:343,0
DA:345,0
DA:348,67734
DA:350,33867
DA:353,0
DA:355,0
DA:358,65734
DA:360,32867
DA:363,0
DA:365,0
DA:368,32866
DA:370,16433
DA:373,2
DA:375,1
DA:378,32866
DA:380,16433
DA:383,2
DA:385,1
DA:388,133118
DA:390,66559
DA:393,0
DA:395,0
DA:398,72734
DA:400,36367
DA:403,0
DA:405,0
DA:408,65734
DA:410,32867
DA:413,0
DA:415,0
DA:418,242216
DA:420,121108
DA:423,0
DA:425,0
DA:428,67846
DA:430,33923
DA:433,0
DA:435,0
DA:438,67846
DA:440,33923
DA:443,0
DA:445,0
DA:448,98600
DA:450,49300
DA:453,0
DA:455,0
DA:458,32866
DA:460,16433
DA:463,7002
DA:465,3501
DA:468,32866
DA:470,16433
DA:473,3040
DA:475,1520
DA:478,32866
DA:480,16433
DA:483,530
DA:485,265
DA:488,65734
DA:490,32867
DA:493,0
DA:495,0
DA:498,32866
DA:500,16433
DA:503,2
DA:505,1
DA:508,32866
DA:510,16433
DA:513,2
DA:515,1
DA:518,32866
DA:520,16433
DA:523,2
DA:525,1
DA:528,32866
DA:530,16433
DA:533,2
DA:535,1
DA:538,32866
DA:540,16433
DA:543,2
DA:545,1
DA:548,32866
DA:550,16433
DA:553,2
DA:555,1
DA:558,32866
DA:560,16433
DA:563,2
DA:565,1
DA:568,65734
DA:570,32867
DA:573,0
DA:575,0
DA:578,65734
DA:580,32867
DA:583,0
DA:585,0
DA:588,65734
DA:590,32867
DA:593,0
DA:595,0
DA:598,32866
DA:600,16433
DA:603,2
DA:605,1
DA:608,131008
DA:610,65504
DA:613,0
DA:615,0
DA:618,67602
DA:620,33801
DA:623,0
DA:625,0
DA:628,65734
DA:630,32867
DA:633,0
DA:635,0
DA:638,230998
DA:640,115499
DA:643,0
DA:645,0
DA:648,66056
DA:650,33028
DA:653,0
DA:655,0
DA:658,66056
DA:660,33028
DA:663,0
DA:665,0
DA:668,98600
DA:670,49300
DA:673,0
DA:675,0
DA:678,32866
DA:680,16433
DA:683,1870
DA:685,935
DA:688,32866
DA:690,16433
DA:693,646
DA:695,323
DA:698,32866
DA:700,16433
DA:703,802
DA:705,401
DA:708,65734
DA:710,32867
DA:713,0
DA:715,0
DA:718,65734
DA:720,32867
DA:723,0
DA:725,0
DA:728,65734
DA:730,32867
DA:733,0
DA:735,0
DA:740,2
DA:741,1
DA:742,1
end_of_record
